<?xml version="1.0" encoding="UTF-8" ?>
<testsuite tests="33" failures="0" name="mx.unam.ciencias.edd.test.TestArbolBinarioOrdenado" time="0.182" errors="0" skipped="0">
  <properties>
[...]
</properties>
  <testcase classname="mx.unam.ciencias.edd.test.TestArbolBinarioOrdenado" name="testElimina" time="0"/>
  <testcase classname="mx.unam.ciencias.edd.test.TestArbolBinarioOrdenado" name="testEsVacio" time="0"/>
  <testcase classname="mx.unam.ciencias.edd.test.TestArbolBinarioOrdenado" name="testIteradorHasNext" time="0.01"/>
  <testcase classname="mx.unam.ciencias.edd.test.TestArbolBinarioOrdenado" name="testDfsPreOrder" time="0"/>
  <testcase classname="mx.unam.ciencias.edd.test.TestArbolBinarioOrdenado" name="testBusca" time="0.017"/>
  <testcase classname="mx.unam.ciencias.edd.test.TestArbolBinarioOrdenado" name="testVerticeAltura" time="0.005"/>
  <testcase classname="mx.unam.ciencias.edd.test.TestArbolBinarioOrdenado" name="testRaiz" time="0.009"/>
  <testcase classname="mx.unam.ciencias.edd.test.TestArbolBinarioOrdenado" name="testToString" time="0.102"/>
  <testcase classname="mx.unam.ciencias.edd.test.TestArbolBinarioOrdenado" name="testVerticeEquals" time="0"/>
  <testcase classname="mx.unam.ciencias.edd.test.TestArbolBinarioOrdenado" name="testVerticeToString" time="0.007"/>
  <testcase classname="mx.unam.ciencias.edd.test.TestArbolBinarioOrdenado" name="testDfsInOrder" time="0.002"/>
  <testcase classname="mx.unam.ciencias.edd.test.TestArbolBinarioOrdenado" name="testVerticeGet" time="0.005"/>
  <testcase classname="mx.unam.ciencias.edd.test.TestArbolBinarioOrdenado" name="testVerticeIzquierdo" time="0.001"/>
  <testcase classname="mx.unam.ciencias.edd.test.TestArbolBinarioOrdenado" name="testGetUltimoVerticeAgregado" time="0.001"/>
  <testcase classname="mx.unam.ciencias.edd.test.TestArbolBinarioOrdenado" name="testVerticeProfundidad" time="0.001"/>
  <testcase classname="mx.unam.ciencias.edd.test.TestArbolBinarioOrdenado" name="testContiene" time="0.001"/>
  <testcase classname="mx.unam.ciencias.edd.test.TestArbolBinarioOrdenado" name="testIteradorNext" time="0"/>
  <testcase classname="mx.unam.ciencias.edd.test.TestArbolBinarioOrdenado" name="testVerticeDerecho" time="0"/>
  <testcase classname="mx.unam.ciencias.edd.test.TestArbolBinarioOrdenado" name="testGiraDerecha" time="0"/>
  <testcase classname="mx.unam.ciencias.edd.test.TestArbolBinarioOrdenado" name="testGetElementos" time="0"/>
  <testcase classname="mx.unam.ciencias.edd.test.TestArbolBinarioOrdenado" name="testDfsPostOrder" time="0.009"/>
  <testcase classname="mx.unam.ciencias.edd.test.TestArbolBinarioOrdenado" name="testVerticePadre" time="0.001"/>
  <testcase classname="mx.unam.ciencias.edd.test.TestArbolBinarioOrdenado" name="testAgrega" time="0.001"/>
  <testcase classname="mx.unam.ciencias.edd.test.TestArbolBinarioOrdenado" name="testAltura" time="0.002"/>
  <testcase classname="mx.unam.ciencias.edd.test.TestArbolBinarioOrdenado" name="testVerticeHayDerecho" time="0"/>
  <testcase classname="mx.unam.ciencias.edd.test.TestArbolBinarioOrdenado" name="testEquals" time="0.001"/>
  <testcase classname="mx.unam.ciencias.edd.test.TestArbolBinarioOrdenado" name="testVerticeHayPadre" time="0"/>
  <testcase classname="mx.unam.ciencias.edd.test.TestArbolBinarioOrdenado" name="testLimpia" time="0.002"/>
  <testcase classname="mx.unam.ciencias.edd.test.TestArbolBinarioOrdenado" name="testGiraIzquierda" time="0.001"/>
  <testcase classname="mx.unam.ciencias.edd.test.TestArbolBinarioOrdenado" name="testVerticeHayIzquierdo" time="0.001"/>
  <testcase classname="mx.unam.ciencias.edd.test.TestArbolBinarioOrdenado" name="testIterator" time="0.003"/>
  <testcase classname="mx.unam.ciencias.edd.test.TestArbolBinarioOrdenado" name="testConstructorColeccion" time="0"/>
  <testcase classname="mx.unam.ciencias.edd.test.TestArbolBinarioOrdenado" name="testConstructor" time="0"/>
</testsuite>